#
# There is insufficient memory for the Java Runtime Environment to continue.
# Native memory allocation (malloc) failed to allocate 1401936 bytes for Chunk::new
# Possible reasons:
#   The system is out of physical RAM or swap space
#   The process is running with CompressedOops enabled, and the Java Heap may be blocking the growth of the native heap
# Possible solutions:
#   Reduce memory load on the system
#   Increase physical memory or swap space
#   Check if swap backing store is full
#   Decrease Java heap size (-Xmx/-Xms)
#   Decrease number of Java threads
#   Decrease Java thread stack sizes (-Xss)
#   Set larger code cache with -XX:ReservedCodeCacheSize=
#   JVM is running with Unscaled Compressed Oops mode in which the Java heap is
#     placed in the first 4GB address space. The Java Heap base address is the
#     maximum limit for the native heap growth. Please use -XX:HeapBaseMinAddress
#     to set the Java Heap base and to place the Java Heap above 4GB virtual address.
# This output file may be truncated or incomplete.
#
#  Out of Memory Error (arena.cpp:189), pid=9732, tid=12988
#
# JRE version: OpenJDK Runtime Environment Temurin-17.0.3+7 (17.0.3+7) (build 17.0.3+7)
# Java VM: OpenJDK 64-Bit Server VM Temurin-17.0.3+7 (17.0.3+7, mixed mode, tiered, compressed oops, compressed class ptrs, g1 gc, windows-amd64)
# No core dump will be written. Minidumps are not enabled by default on client versions of Windows
#

---------------  S U M M A R Y ------------

Command Line: -Dfile.encoding=UTF-8 -XX:+ShowCodeDetailsInExceptionMessages com.bvrsoftware.OnlineGrievanceManagementSystemApplication

Host: Intel(R) Core(TM) i5-8250U CPU @ 1.60GHz, 8 cores, 7G,  Windows 10 , 64 bit Build 19041 (10.0.19041.1706)
Time: Tue Jul  5 15:38:15 2022 India Standard Time elapsed time: 1401.115849 seconds (0d 0h 23m 21s)

---------------  T H R E A D  ---------------

Current thread (0x0000029cffc2d030):  JavaThread "C2 CompilerThread0" daemon [_thread_in_native, id=12988, stack(0x000000b7b6400000,0x000000b7b6500000)]


Current CompileTask:
C2:1401121 13272       4       org.springframework.web.servlet.handler.AbstractHandlerMapping$CorsInterceptor::preHandle (35 bytes)

Stack: [0x000000b7b6400000,0x000000b7b6500000]
Native frames: (J=compiled Java code, j=interpreted, Vv=VM code, C=native code)
V  [jvm.dll+0x675efa]
V  [jvm.dll+0x830a24]
V  [jvm.dll+0x8321ce]
V  [jvm.dll+0x832833]
V  [jvm.dll+0x2454b5]
V  [jvm.dll+0xabd7b]
V  [jvm.dll+0xac30c]
V  [jvm.dll+0x3635d2]
V  [jvm.dll+0x32dca1]
V  [jvm.dll+0x32d14a]
V  [jvm.dll+0x218361]
V  [jvm.dll+0x217781]
V  [jvm.dll+0x1a3ccd]
V  [jvm.dll+0x227178]
V  [jvm.dll+0x2252bc]
V  [jvm.dll+0x7e673b]
V  [jvm.dll+0x7e0cfa]
V  [jvm.dll+0x674d85]
C  [ucrtbase.dll+0x21bb2]
C  [KERNEL32.DLL+0x17034]
C  [ntdll.dll+0x52651]


---------------  P R O C E S S  ---------------

Threads class SMR info:
_java_thread_list=0x0000029c95864680, length=33, elements={
0x0000029cffc02420, 0x0000029cffc03290, 0x0000029cffc1c010, 0x0000029cffc1fae0,
0x0000029cffc20490, 0x0000029cffc2c350, 0x0000029cffc2d030, 0x0000029cffc2da20,
0x0000029cffc41ff0, 0x0000029cffda3e50, 0x0000029cffdab5e0, 0x0000029c960d47f0,
0x0000029c917ce130, 0x0000029c95b47890, 0x0000029c95b49a40, 0x0000029c95b48230,
0x0000029c95b46ef0, 0x0000029c95b46a20, 0x0000029c95b473c0, 0x0000029c95b47d60,
0x0000029c95b48700, 0x0000029c95b490a0, 0x0000029c99a182a0, 0x0000029c99a148e0,
0x0000029c99a13a70, 0x0000029c99a165c0, 0x0000029c99a17900, 0x0000029c99a135a0,
0x0000029c99a19f80, 0x0000029c99a19ab0, 0x0000029c99a1a450, 0x0000029c99a15c20,
0x0000029c9260b520
}

Java Threads: ( => current thread )
  0x0000029cffc02420 JavaThread "Reference Handler" daemon [_thread_blocked, id=19372, stack(0x000000b7b5e00000,0x000000b7b5f00000)]
  0x0000029cffc03290 JavaThread "Finalizer" daemon [_thread_blocked, id=14588, stack(0x000000b7b5f00000,0x000000b7b6000000)]
  0x0000029cffc1c010 JavaThread "Signal Dispatcher" daemon [_thread_blocked, id=20232, stack(0x000000b7b6000000,0x000000b7b6100000)]
  0x0000029cffc1fae0 JavaThread "Attach Listener" daemon [_thread_blocked, id=21776, stack(0x000000b7b6100000,0x000000b7b6200000)]
  0x0000029cffc20490 JavaThread "Service Thread" daemon [_thread_blocked, id=17420, stack(0x000000b7b6200000,0x000000b7b6300000)]
  0x0000029cffc2c350 JavaThread "Monitor Deflation Thread" daemon [_thread_blocked, id=23016, stack(0x000000b7b6300000,0x000000b7b6400000)]
=>0x0000029cffc2d030 JavaThread "C2 CompilerThread0" daemon [_thread_in_native, id=12988, stack(0x000000b7b6400000,0x000000b7b6500000)]
  0x0000029cffc2da20 JavaThread "C1 CompilerThread0" daemon [_thread_blocked, id=10444, stack(0x000000b7b6500000,0x000000b7b6600000)]
  0x0000029cffc41ff0 JavaThread "Sweeper thread" daemon [_thread_blocked, id=11132, stack(0x000000b7b6600000,0x000000b7b6700000)]
  0x0000029cffda3e50 JavaThread "Notification Thread" daemon [_thread_blocked, id=15460, stack(0x000000b7b6700000,0x000000b7b6800000)]
  0x0000029cffdab5e0 JavaThread "Common-Cleaner" daemon [_thread_in_native, id=7488, stack(0x000000b7b6900000,0x000000b7b6a00000)]
  0x0000029c960d47f0 JavaThread "mysql-cj-abandoned-connection-cleanup" daemon [_thread_blocked, id=17708, stack(0x000000b7b7600000,0x000000b7b7700000)]
  0x0000029c917ce130 JavaThread "HikariPool-1 housekeeper" daemon [_thread_blocked, id=11512, stack(0x000000b7b7800000,0x000000b7b7900000)]
  0x0000029c95b47890 JavaThread "Catalina-utility-1" [_thread_blocked, id=17584, stack(0x000000b7b7a00000,0x000000b7b7b00000)]
  0x0000029c95b49a40 JavaThread "Catalina-utility-2" [_thread_blocked, id=19768, stack(0x000000b7b7b00000,0x000000b7b7c00000)]
  0x0000029c95b48230 JavaThread "container-0" [_thread_blocked, id=672, stack(0x000000b7b7c00000,0x000000b7b7d00000)]
  0x0000029c95b46ef0 JavaThread "Live Reload Server" daemon [_thread_in_native, id=11036, stack(0x000000b7b7e00000,0x000000b7b7f00000)]
  0x0000029c95b46a20 JavaThread "File Watcher" daemon [_thread_blocked, id=1792, stack(0x000000b7b7d00000,0x000000b7b7e00000)]
  0x0000029c95b473c0 JavaThread "http-nio-9090-exec-1" daemon [_thread_blocked, id=22832, stack(0x000000b7b6a00000,0x000000b7b6b00000)]
  0x0000029c95b47d60 JavaThread "http-nio-9090-exec-2" daemon [_thread_blocked, id=14952, stack(0x000000b7b7300000,0x000000b7b7400000)]
  0x0000029c95b48700 JavaThread "http-nio-9090-exec-3" daemon [_thread_blocked, id=3048, stack(0x000000b7b7f00000,0x000000b7b8000000)]
  0x0000029c95b490a0 JavaThread "http-nio-9090-exec-4" daemon [_thread_blocked, id=12720, stack(0x000000b7b8000000,0x000000b7b8100000)]
  0x0000029c99a182a0 JavaThread "http-nio-9090-exec-5" daemon [_thread_blocked, id=12976, stack(0x000000b7b8100000,0x000000b7b8200000)]
  0x0000029c99a148e0 JavaThread "http-nio-9090-exec-6" daemon [_thread_blocked, id=8336, stack(0x000000b7b8200000,0x000000b7b8300000)]
  0x0000029c99a13a70 JavaThread "http-nio-9090-exec-7" daemon [_thread_blocked, id=11244, stack(0x000000b7b8300000,0x000000b7b8400000)]
  0x0000029c99a165c0 JavaThread "http-nio-9090-exec-8" daemon [_thread_blocked, id=13556, stack(0x000000b7b8400000,0x000000b7b8500000)]
  0x0000029c99a17900 JavaThread "http-nio-9090-exec-9" daemon [_thread_blocked, id=20136, stack(0x000000b7b8500000,0x000000b7b8600000)]
  0x0000029c99a135a0 JavaThread "http-nio-9090-exec-10" daemon [_thread_blocked, id=9440, stack(0x000000b7b8600000,0x000000b7b8700000)]
  0x0000029c99a19f80 JavaThread "http-nio-9090-Poller" daemon [_thread_in_native, id=19324, stack(0x000000b7b8700000,0x000000b7b8800000)]
  0x0000029c99a19ab0 JavaThread "http-nio-9090-Acceptor" daemon [_thread_in_native, id=15536, stack(0x000000b7b8800000,0x000000b7b8900000)]
  0x0000029c99a1a450 JavaThread "DestroyJavaVM" [_thread_blocked, id=17868, stack(0x000000b7b5700000,0x000000b7b5800000)]
  0x0000029c99a15c20 JavaThread "http-nio-9090-exec-11" daemon [_thread_blocked, id=22820, stack(0x000000b7b5500000,0x000000b7b5600000)]
  0x0000029c9260b520 JavaThread "C2 CompilerThread1" daemon [_thread_in_native, id=3576, stack(0x000000b7b5600000,0x000000b7b5700000)]

Other Threads:
  0x0000029cff262930 VMThread "VM Thread" [stack: 0x000000b7b5d00000,0x000000b7b5e00000] [id=17948]
  0x0000029cffda6330 WatcherThread [stack: 0x000000b7b6800000,0x000000b7b6900000] [id=18764]
  0x0000029cf63b9080 GCTaskThread "GC Thread#0" [stack: 0x000000b7b5800000,0x000000b7b5900000] [id=16224]
  0x0000029c91c71f40 GCTaskThread "GC Thread#1" [stack: 0x000000b7b6d00000,0x000000b7b6e00000] [id=19108]
  0x0000029c91c721f0 GCTaskThread "GC Thread#2" [stack: 0x000000b7b6e00000,0x000000b7b6f00000] [id=14048]
  0x0000029c91c724a0 GCTaskThread "GC Thread#3" [stack: 0x000000b7b6f00000,0x000000b7b7000000] [id=2524]
  0x0000029c91c72750 GCTaskThread "GC Thread#4" [stack: 0x000000b7b7000000,0x000000b7b7100000] [id=17480]
  0x0000029c91c72a00 GCTaskThread "GC Thread#5" [stack: 0x000000b7b7100000,0x000000b7b7200000] [id=23468]
  0x0000029c91baf8a0 GCTaskThread "GC Thread#6" [stack: 0x000000b7b7200000,0x000000b7b7300000] [id=17472]
  0x0000029c921e0a20 GCTaskThread "GC Thread#7" [stack: 0x000000b7b7400000,0x000000b7b7500000] [id=10628]
  0x0000029cf63ca970 ConcurrentGCThread "G1 Main Marker" [stack: 0x000000b7b5900000,0x000000b7b5a00000] [id=21956]
  0x0000029cf63cc390 ConcurrentGCThread "G1 Conc#0" [stack: 0x000000b7b5a00000,0x000000b7b5b00000] [id=4824]
  0x0000029c91f8ac40 ConcurrentGCThread "G1 Conc#1" [stack: 0x000000b7b7500000,0x000000b7b7600000] [id=10176]
  0x0000029cff0c20c0 ConcurrentGCThread "G1 Refine#0" [stack: 0x000000b7b5b00000,0x000000b7b5c00000] [id=16156]
  0x0000029cff0c2ae0 ConcurrentGCThread "G1 Service" [stack: 0x000000b7b5c00000,0x000000b7b5d00000] [id=24064]

Threads with active compile tasks:
C2 CompilerThread0  1417777 13272       4       org.springframework.web.servlet.handler.AbstractHandlerMapping$CorsInterceptor::preHandle (35 bytes)
C2 CompilerThread1  1417777 13273       4       org.springframework.web.cors.DefaultCorsProcessor::processRequest (163 bytes)

VM state: not at safepoint (normal execution)

VM Mutex/Monitor currently owned by a thread: None

Heap address: 0x0000000082000000, size: 2016 MB, Compressed Oops mode: 32-bit

CDS archive(s) not mapped
Compressed class space mapped at: 0x0000000100000000-0x0000000140000000, reserved size: 1073741824
Narrow klass base: 0x0000000000000000, Narrow klass shift: 3, Narrow klass range: 0x140000000

GC Precious Log:
 CPUs: 8 total, 8 available
 Memory: 8058M
 Large Page Support: Disabled
 NUMA Support: Disabled
 Compressed Oops: Enabled (32-bit)
 Heap Region Size: 1M
 Heap Min Capacity: 8M
 Heap Initial Capacity: 126M
 Heap Max Capacity: 2016M
 Pre-touch: Disabled
 Parallel Workers: 8
 Concurrent Workers: 2
 Concurrent Refinement Workers: 8
 Periodic GC: Disabled

Heap:
 garbage-first heap   total 176128K, used 95789K [0x0000000082000000, 0x0000000100000000)
  region size 1024K, 58 young (59392K), 1 survivors (1024K)
 Metaspace       used 81460K, committed 81984K, reserved 1122304K
  class space    used 10075K, committed 10304K, reserved 1048576K

Heap Regions: E=young(eden), S=young(survivor), O=old, HS=humongous(starts), HC=humongous(continues), CS=collection set, F=free, OA=open archive, CA=closed archive, TAMS=top-at-mark-start (previous, next)
|   0|0x0000000082000000, 0x0000000082100000, 0x0000000082100000|100%|HS|  |TAMS 0x0000000082100000, 0x0000000082000000| Complete 
|   1|0x0000000082100000, 0x0000000082200000, 0x0000000082200000|100%| O|  |TAMS 0x0000000082200000, 0x0000000082100000| Untracked 
|   2|0x0000000082200000, 0x0000000082300000, 0x0000000082300000|100%| O|  |TAMS 0x0000000082300000, 0x0000000082200000| Untracked 
|   3|0x0000000082300000, 0x0000000082400000, 0x0000000082400000|100%| O|  |TAMS 0x0000000082400000, 0x0000000082300000| Untracked 
|   4|0x0000000082400000, 0x0000000082500000, 0x0000000082500000|100%| O|  |TAMS 0x0000000082500000, 0x0000000082400000| Untracked 
|   5|0x0000000082500000, 0x0000000082600000, 0x0000000082600000|100%| O|  |TAMS 0x0000000082600000, 0x0000000082500000| Untracked 
|   6|0x0000000082600000, 0x0000000082700000, 0x0000000082700000|100%| O|  |TAMS 0x0000000082700000, 0x0000000082600000| Untracked 
|   7|0x0000000082700000, 0x0000000082800000, 0x0000000082800000|100%| O|  |TAMS 0x0000000082700000, 0x0000000082700000| Untracked 
|   8|0x0000000082800000, 0x0000000082900000, 0x0000000082900000|100%| O|  |TAMS 0x0000000082900000, 0x0000000082800000| Untracked 
|   9|0x0000000082900000, 0x0000000082a00000, 0x0000000082a00000|100%| O|  |TAMS 0x0000000082a00000, 0x0000000082900000| Untracked 
|  10|0x0000000082a00000, 0x0000000082b00000, 0x0000000082b00000|100%| O|  |TAMS 0x0000000082b00000, 0x0000000082a00000| Untracked 
|  11|0x0000000082b00000, 0x0000000082c00000, 0x0000000082c00000|100%| O|  |TAMS 0x0000000082b00000, 0x0000000082b00000| Untracked 
|  12|0x0000000082c00000, 0x0000000082d00000, 0x0000000082d00000|100%| O|  |TAMS 0x0000000082d00000, 0x0000000082c00000| Untracked 
|  13|0x0000000082d00000, 0x0000000082e00000, 0x0000000082e00000|100%| O|  |TAMS 0x0000000082e00000, 0x0000000082d00000| Untracked 
|  14|0x0000000082e00000, 0x0000000082f00000, 0x0000000082f00000|100%| O|  |TAMS 0x0000000082f00000, 0x0000000082e00000| Untracked 
|  15|0x0000000082f00000, 0x0000000083000000, 0x0000000083000000|100%| O|  |TAMS 0x0000000083000000, 0x0000000082f00000| Untracked 
|  16|0x0000000083000000, 0x0000000083100000, 0x0000000083100000|100%| O|  |TAMS 0x0000000083100000, 0x0000000083000000| Untracked 
|  17|0x0000000083100000, 0x0000000083200000, 0x0000000083200000|100%| O|  |TAMS 0x0000000083200000, 0x0000000083100000| Untracked 
|  18|0x0000000083200000, 0x0000000083300000, 0x0000000083300000|100%| O|  |TAMS 0x0000000083300000, 0x0000000083200000| Untracked 
|  19|0x0000000083300000, 0x0000000083400000, 0x0000000083400000|100%| O|  |TAMS 0x0000000083400000, 0x0000000083300000| Untracked 
|  20|0x0000000083400000, 0x0000000083500000, 0x0000000083500000|100%| O|  |TAMS 0x0000000083500000, 0x0000000083400000| Untracked 
|  21|0x0000000083500000, 0x0000000083600000, 0x0000000083600000|100%| O|  |TAMS 0x0000000083600000, 0x0000000083500000| Untracked 
|  22|0x0000000083600000, 0x0000000083700000, 0x0000000083700000|100%| O|  |TAMS 0x0000000083700000, 0x0000000083600000| Untracked 
|  23|0x0000000083700000, 0x0000000083800000, 0x0000000083800000|100%| O|  |TAMS 0x0000000083800000, 0x0000000083700000| Untracked 
|  24|0x0000000083800000, 0x0000000083900000, 0x0000000083900000|100%| O|  |TAMS 0x0000000083900000, 0x0000000083800000| Untracked 
|  25|0x0000000083900000, 0x0000000083a00000, 0x0000000083a00000|100%| O|  |TAMS 0x0000000083a00000, 0x0000000083900000| Untracked 
|  26|0x0000000083a00000, 0x0000000083b00000, 0x0000000083b00000|100%| O|  |TAMS 0x0000000083b00000, 0x0000000083a00000| Untracked 
|  27|0x0000000083b00000, 0x0000000083c00000, 0x0000000083c00000|100%| O|  |TAMS 0x0000000083c00000, 0x0000000083b00000| Untracked 
|  28|0x0000000083c00000, 0x0000000083d00000, 0x0000000083d00000|100%| O|  |TAMS 0x0000000083d00000, 0x0000000083c00000| Untracked 
|  29|0x0000000083d00000, 0x0000000083e00000, 0x0000000083e00000|100%| O|  |TAMS 0x0000000083e00000, 0x0000000083d00000| Untracked 
|  30|0x0000000083e00000, 0x0000000083f00000, 0x0000000083f00000|100%| O|  |TAMS 0x0000000083f00000, 0x0000000083e00000| Untracked 
|  31|0x0000000083f00000, 0x0000000084000000, 0x0000000084000000|100%| O|  |TAMS 0x0000000084000000, 0x0000000083f00000| Untracked 
|  32|0x0000000084000000, 0x0000000084100000, 0x0000000084100000|100%| O|  |TAMS 0x0000000084100000, 0x0000000084000000| Untracked 
|  33|0x0000000084100000, 0x0000000084200000, 0x0000000084200000|100%| O|  |TAMS 0x0000000084200000, 0x0000000084100000| Untracked 
|  34|0x0000000084200000, 0x0000000084300000, 0x0000000084300000|100%| O|  |TAMS 0x000000008425b000, 0x0000000084200000| Untracked 
|  35|0x0000000084300000, 0x0000000084400000, 0x0000000084400000|100%| O|  |TAMS 0x0000000084300000, 0x0000000084300000| Untracked 
|  36|0x0000000084400000, 0x0000000084500000, 0x0000000084500000|100%| O|  |TAMS 0x0000000084400000, 0x0000000084400000| Untracked 
|  37|0x0000000084500000, 0x000000008453ae00, 0x0000000084600000| 22%| O|  |TAMS 0x0000000084500000, 0x0000000084500000| Untracked 
|  38|0x0000000084600000, 0x0000000084600000, 0x0000000084700000|  0%| F|  |TAMS 0x0000000084600000, 0x0000000084600000| Untracked 
|  39|0x0000000084700000, 0x0000000084700000, 0x0000000084800000|  0%| F|  |TAMS 0x0000000084700000, 0x0000000084700000| Untracked 
|  40|0x0000000084800000, 0x0000000084800000, 0x0000000084900000|  0%| F|  |TAMS 0x0000000084800000, 0x0000000084800000| Untracked 
|  41|0x0000000084900000, 0x0000000084900000, 0x0000000084a00000|  0%| F|  |TAMS 0x0000000084900000, 0x0000000084900000| Untracked 
|  42|0x0000000084a00000, 0x0000000084a00000, 0x0000000084b00000|  0%| F|  |TAMS 0x0000000084a00000, 0x0000000084a00000| Untracked 
|  43|0x0000000084b00000, 0x0000000084b00000, 0x0000000084c00000|  0%| F|  |TAMS 0x0000000084b00000, 0x0000000084b00000| Untracked 
|  44|0x0000000084c00000, 0x0000000084c00000, 0x0000000084d00000|  0%| F|  |TAMS 0x0000000084c00000, 0x0000000084c00000| Untracked 
|  45|0x0000000084d00000, 0x0000000084d00000, 0x0000000084e00000|  0%| F|  |TAMS 0x0000000084d00000, 0x0000000084d00000| Untracked 
|  46|0x0000000084e00000, 0x0000000084e00000, 0x0000000084f00000|  0%| F|  |TAMS 0x0000000084e00000, 0x0000000084e00000| Untracked 
|  47|0x0000000084f00000, 0x0000000084f00000, 0x0000000085000000|  0%| F|  |TAMS 0x0000000084f00000, 0x0000000084f00000| Untracked 
|  48|0x0000000085000000, 0x0000000085000000, 0x0000000085100000|  0%| F|  |TAMS 0x0000000085000000, 0x0000000085000000| Untracked 
|  49|0x0000000085100000, 0x0000000085100000, 0x0000000085200000|  0%| F|  |TAMS 0x0000000085100000, 0x0000000085100000| Untracked 
|  50|0x0000000085200000, 0x0000000085200000, 0x0000000085300000|  0%| F|  |TAMS 0x0000000085200000, 0x0000000085200000| Untracked 
|  51|0x0000000085300000, 0x0000000085300000, 0x0000000085400000|  0%| F|  |TAMS 0x0000000085300000, 0x0000000085300000| Untracked 
|  52|0x0000000085400000, 0x0000000085400000, 0x0000000085500000|  0%| F|  |TAMS 0x0000000085400000, 0x0000000085400000| Untracked 
|  53|0x0000000085500000, 0x0000000085500000, 0x0000000085600000|  0%| F|  |TAMS 0x0000000085500000, 0x0000000085500000| Untracked 
|  54|0x0000000085600000, 0x0000000085600000, 0x0000000085700000|  0%| F|  |TAMS 0x0000000085600000, 0x0000000085600000| Untracked 
|  55|0x0000000085700000, 0x0000000085700000, 0x0000000085800000|  0%| F|  |TAMS 0x0000000085700000, 0x0000000085700000| Untracked 
|  56|0x0000000085800000, 0x0000000085800000, 0x0000000085900000|  0%| F|  |TAMS 0x0000000085800000, 0x0000000085800000| Untracked 
|  57|0x0000000085900000, 0x0000000085900000, 0x0000000085a00000|  0%| F|  |TAMS 0x0000000085900000, 0x0000000085900000| Untracked 
|  58|0x0000000085a00000, 0x0000000085a00000, 0x0000000085b00000|  0%| F|  |TAMS 0x0000000085a00000, 0x0000000085a00000| Untracked 
|  59|0x0000000085b00000, 0x0000000085b00000, 0x0000000085c00000|  0%| F|  |TAMS 0x0000000085b00000, 0x0000000085b00000| Untracked 
|  60|0x0000000085c00000, 0x0000000085c00000, 0x0000000085d00000|  0%| F|  |TAMS 0x0000000085c00000, 0x0000000085c00000| Untracked 
|  61|0x0000000085d00000, 0x0000000085d00000, 0x0000000085e00000|  0%| F|  |TAMS 0x0000000085d00000, 0x0000000085d00000| Untracked 
|  62|0x0000000085e00000, 0x0000000085e00000, 0x0000000085f00000|  0%| F|  |TAMS 0x0000000085e00000, 0x0000000085e00000| Untracked 
|  63|0x0000000085f00000, 0x0000000085f00000, 0x0000000086000000|  0%| F|  |TAMS 0x0000000085f00000, 0x0000000085f00000| Untracked 
|  64|0x0000000086000000, 0x0000000086000000, 0x0000000086100000|  0%| F|  |TAMS 0x0000000086000000, 0x0000000086000000| Untracked 
|  65|0x0000000086100000, 0x0000000086100000, 0x0000000086200000|  0%| F|  |TAMS 0x0000000086100000, 0x0000000086100000| Untracked 
|  66|0x0000000086200000, 0x0000000086200000, 0x0000000086300000|  0%| F|  |TAMS 0x0000000086200000, 0x0000000086200000| Untracked 
|  67|0x0000000086300000, 0x0000000086300000, 0x0000000086400000|  0%| F|  |TAMS 0x0000000086300000, 0x0000000086300000| Untracked 
|  68|0x0000000086400000, 0x0000000086400000, 0x0000000086500000|  0%| F|  |TAMS 0x0000000086400000, 0x0000000086400000| Untracked 
|  69|0x0000000086500000, 0x0000000086550690, 0x0000000086600000| 31%| S|CS|TAMS 0x0000000086500000, 0x0000000086500000| Complete 
|  70|0x0000000086600000, 0x0000000086600000, 0x0000000086700000|  0%| F|  |TAMS 0x0000000086600000, 0x0000000086600000| Untracked 
|  71|0x0000000086700000, 0x0000000086700000, 0x0000000086800000|  0%| F|  |TAMS 0x0000000086700000, 0x0000000086700000| Untracked 
|  72|0x0000000086800000, 0x0000000086800000, 0x0000000086900000|  0%| F|  |TAMS 0x0000000086800000, 0x0000000086800000| Untracked 
|  73|0x0000000086900000, 0x0000000086900000, 0x0000000086a00000|  0%| F|  |TAMS 0x0000000086900000, 0x0000000086900000| Untracked 
|  74|0x0000000086a00000, 0x0000000086a00000, 0x0000000086b00000|  0%| F|  |TAMS 0x0000000086a00000, 0x0000000086a00000| Untracked 
|  75|0x0000000086b00000, 0x0000000086b00000, 0x0000000086c00000|  0%| F|  |TAMS 0x0000000086b00000, 0x0000000086b00000| Untracked 
|  76|0x0000000086c00000, 0x0000000086c00000, 0x0000000086d00000|  0%| F|  |TAMS 0x0000000086c00000, 0x0000000086c00000| Untracked 
|  77|0x0000000086d00000, 0x0000000086d00000, 0x0000000086e00000|  0%| F|  |TAMS 0x0000000086d00000, 0x0000000086d00000| Untracked 
|  78|0x0000000086e00000, 0x0000000086e00000, 0x0000000086f00000|  0%| F|  |TAMS 0x0000000086e00000, 0x0000000086e00000| Untracked 
|  79|0x0000000086f00000, 0x0000000086f00000, 0x0000000087000000|  0%| F|  |TAMS 0x0000000086f00000, 0x0000000086f00000| Untracked 
|  80|0x0000000087000000, 0x0000000087000000, 0x0000000087100000|  0%| F|  |TAMS 0x0000000087000000, 0x0000000087000000| Untracked 
|  81|0x0000000087100000, 0x0000000087100000, 0x0000000087200000|  0%| F|  |TAMS 0x0000000087100000, 0x0000000087100000| Untracked 
|  82|0x0000000087200000, 0x0000000087200000, 0x0000000087300000|  0%| F|  |TAMS 0x0000000087200000, 0x0000000087200000| Untracked 
|  83|0x0000000087300000, 0x0000000087300000, 0x0000000087400000|  0%| F|  |TAMS 0x0000000087300000, 0x0000000087300000| Untracked 
|  84|0x0000000087400000, 0x0000000087400000, 0x0000000087500000|  0%| F|  |TAMS 0x0000000087400000, 0x0000000087400000| Untracked 
|  85|0x0000000087500000, 0x0000000087500000, 0x0000000087600000|  0%| F|  |TAMS 0x0000000087500000, 0x0000000087500000| Untracked 
|  86|0x0000000087600000, 0x0000000087600000, 0x0000000087700000|  0%| F|  |TAMS 0x0000000087600000, 0x0000000087600000| Untracked 
|  87|0x0000000087700000, 0x0000000087700000, 0x0000000087800000|  0%| F|  |TAMS 0x0000000087700000, 0x0000000087700000| Untracked 
|  88|0x0000000087800000, 0x0000000087800000, 0x0000000087900000|  0%| F|  |TAMS 0x0000000087800000, 0x0000000087800000| Untracked 
|  89|0x0000000087900000, 0x0000000087900000, 0x0000000087a00000|  0%| F|  |TAMS 0x0000000087900000, 0x0000000087900000| Untracked 
|  90|0x0000000087a00000, 0x0000000087a00000, 0x0000000087b00000|  0%| F|  |TAMS 0x0000000087a00000, 0x0000000087a00000| Untracked 
|  91|0x0000000087b00000, 0x0000000087b00000, 0x0000000087c00000|  0%| F|  |TAMS 0x0000000087b00000, 0x0000000087b00000| Untracked 
|  92|0x0000000087c00000, 0x0000000087c00000, 0x0000000087d00000|  0%| F|  |TAMS 0x0000000087c00000, 0x0000000087c00000| Untracked 
|  93|0x0000000087d00000, 0x0000000087d00000, 0x0000000087e00000|  0%| F|  |TAMS 0x0000000087d00000, 0x0000000087d00000| Untracked 
|  94|0x0000000087e00000, 0x0000000087e00000, 0x0000000087f00000|  0%| F|  |TAMS 0x0000000087e00000, 0x0000000087e00000| Untracked 
|  95|0x0000000087f00000, 0x0000000087f00000, 0x0000000088000000|  0%| F|  |TAMS 0x0000000087f00000, 0x0000000087f00000| Untracked 
|  96|0x0000000088000000, 0x0000000088000000, 0x0000000088100000|  0%| F|  |TAMS 0x0000000088000000, 0x0000000088000000| Untracked 
|  97|0x0000000088100000, 0x0000000088100000, 0x0000000088200000|  0%| F|  |TAMS 0x0000000088100000, 0x0000000088100000| Untracked 
|  98|0x0000000088200000, 0x0000000088200000, 0x0000000088300000|  0%| F|  |TAMS 0x0000000088200000, 0x0000000088200000| Untracked 
|  99|0x0000000088300000, 0x0000000088300000, 0x0000000088400000|  0%| F|  |TAMS 0x0000000088300000, 0x0000000088300000| Untracked 
| 100|0x0000000088400000, 0x0000000088400000, 0x0000000088500000|  0%| F|  |TAMS 0x0000000088400000, 0x0000000088400000| Untracked 
| 101|0x0000000088500000, 0x0000000088500000, 0x0000000088600000|  0%| F|  |TAMS 0x0000000088500000, 0x0000000088500000| Untracked 
| 102|0x0000000088600000, 0x0000000088600000, 0x0000000088700000|  0%| F|  |TAMS 0x0000000088600000, 0x0000000088600000| Untracked 
| 103|0x0000000088700000, 0x0000000088700000, 0x0000000088800000|  0%| F|  |TAMS 0x0000000088700000, 0x0000000088700000| Untracked 
| 104|0x0000000088800000, 0x0000000088800000, 0x0000000088900000|  0%| F|  |TAMS 0x0000000088800000, 0x0000000088800000| Untracked 
| 105|0x0000000088900000, 0x0000000088900000, 0x0000000088a00000|  0%| F|  |TAMS 0x0000000088900000, 0x0000000088900000| Untracked 
| 106|0x0000000088a00000, 0x0000000088a00000, 0x0000000088b00000|  0%| F|  |TAMS 0x0000000088a00000, 0x0000000088a00000| Untracked 
| 107|0x0000000088b00000, 0x0000000088b00000, 0x0000000088c00000|  0%| F|  |TAMS 0x0000000088b00000, 0x0000000088b00000| Untracked 
| 108|0x0000000088c00000, 0x0000000088c00000, 0x0000000088d00000|  0%| F|  |TAMS 0x0000000088c00000, 0x0000000088c00000| Untracked 
| 109|0x0000000088d00000, 0x0000000088d00000, 0x0000000088e00000|  0%| F|  |TAMS 0x0000000088d00000, 0x0000000088d00000| Untracked 
| 110|0x0000000088e00000, 0x0000000088e00000, 0x0000000088f00000|  0%| F|  |TAMS 0x0000000088e00000, 0x0000000088e00000| Untracked 
| 111|0x0000000088f00000, 0x0000000088f00000, 0x0000000089000000|  0%| F|  |TAMS 0x0000000088f00000, 0x0000000088f00000| Untracked 
| 112|0x0000000089000000, 0x0000000089000000, 0x0000000089100000|  0%| F|  |TAMS 0x0000000089000000, 0x0000000089000000| Untracked 
| 113|0x0000000089100000, 0x0000000089100000, 0x0000000089200000|  0%| F|  |TAMS 0x0000000089100000, 0x0000000089100000| Untracked 
| 114|0x0000000089200000, 0x0000000089200000, 0x0000000089300000|  0%| F|  |TAMS 0x0000000089200000, 0x0000000089200000| Untracked 
| 115|0x0000000089300000, 0x00000000893b90d8, 0x0000000089400000| 72%| E|  |TAMS 0x0000000089300000, 0x0000000089300000| Complete 
| 116|0x0000000089400000, 0x0000000089500000, 0x0000000089500000|100%| E|CS|TAMS 0x0000000089400000, 0x0000000089400000| Complete 
| 117|0x0000000089500000, 0x0000000089600000, 0x0000000089600000|100%| E|CS|TAMS 0x0000000089500000, 0x0000000089500000| Complete 
| 118|0x0000000089600000, 0x0000000089700000, 0x0000000089700000|100%| E|CS|TAMS 0x0000000089600000, 0x0000000089600000| Complete 
| 119|0x0000000089700000, 0x0000000089800000, 0x0000000089800000|100%| E|CS|TAMS 0x0000000089700000, 0x0000000089700000| Complete 
| 120|0x0000000089800000, 0x0000000089900000, 0x0000000089900000|100%| E|CS|TAMS 0x0000000089800000, 0x0000000089800000| Complete 
| 121|0x0000000089900000, 0x0000000089a00000, 0x0000000089a00000|100%| E|CS|TAMS 0x0000000089900000, 0x0000000089900000| Complete 
| 122|0x0000000089a00000, 0x0000000089b00000, 0x0000000089b00000|100%| E|CS|TAMS 0x0000000089a00000, 0x0000000089a00000| Complete 
| 123|0x0000000089b00000, 0x0000000089c00000, 0x0000000089c00000|100%| E|CS|TAMS 0x0000000089b00000, 0x0000000089b00000| Complete 
| 124|0x0000000089c00000, 0x0000000089d00000, 0x0000000089d00000|100%| E|CS|TAMS 0x0000000089c00000, 0x0000000089c00000| Complete 
| 125|0x0000000089d00000, 0x0000000089e00000, 0x0000000089e00000|100%| E|CS|TAMS 0x0000000089d00000, 0x0000000089d00000| Complete 
| 126|0x0000000089e00000, 0x0000000089f00000, 0x0000000089f00000|100%| E|CS|TAMS 0x0000000089e00000, 0x0000000089e00000| Complete 
| 127|0x0000000089f00000, 0x000000008a000000, 0x000000008a000000|100%| E|CS|TAMS 0x0000000089f00000, 0x0000000089f00000| Complete 
| 128|0x000000008a000000, 0x000000008a100000, 0x000000008a100000|100%| E|CS|TAMS 0x000000008a000000, 0x000000008a000000| Complete 
| 129|0x000000008a100000, 0x000000008a200000, 0x000000008a200000|100%| E|CS|TAMS 0x000000008a100000, 0x000000008a100000| Complete 
| 130|0x000000008a200000, 0x000000008a300000, 0x000000008a300000|100%| E|CS|TAMS 0x000000008a200000, 0x000000008a200000| Complete 
| 131|0x000000008a300000, 0x000000008a400000, 0x000000008a400000|100%| E|CS|TAMS 0x000000008a300000, 0x000000008a300000| Complete 
| 132|0x000000008a400000, 0x000000008a500000, 0x000000008a500000|100%| E|CS|TAMS 0x000000008a400000, 0x000000008a400000| Complete 
| 133|0x000000008a500000, 0x000000008a600000, 0x000000008a600000|100%| E|CS|TAMS 0x000000008a500000, 0x000000008a500000| Complete 
| 134|0x000000008a600000, 0x000000008a700000, 0x000000008a700000|100%| E|CS|TAMS 0x000000008a600000, 0x000000008a600000| Complete 
| 135|0x000000008a700000, 0x000000008a800000, 0x000000008a800000|100%| E|CS|TAMS 0x000000008a700000, 0x000000008a700000| Complete 
| 136|0x000000008a800000, 0x000000008a900000, 0x000000008a900000|100%| E|CS|TAMS 0x000000008a800000, 0x000000008a800000| Complete 
| 137|0x000000008a900000, 0x000000008aa00000, 0x000000008aa00000|100%| E|CS|TAMS 0x000000008a900000, 0x000000008a900000| Complete 
| 138|0x000000008aa00000, 0x000000008ab00000, 0x000000008ab00000|100%| E|CS|TAMS 0x000000008aa00000, 0x000000008aa00000| Complete 
| 139|0x000000008ab00000, 0x000000008ac00000, 0x000000008ac00000|100%| E|CS|TAMS 0x000000008ab00000, 0x000000008ab00000| Complete 
| 140|0x000000008ac00000, 0x000000008ad00000, 0x000000008ad00000|100%| E|CS|TAMS 0x000000008ac00000, 0x000000008ac00000| Complete 
| 141|0x000000008ad00000, 0x000000008ae00000, 0x000000008ae00000|100%| E|CS|TAMS 0x000000008ad00000, 0x000000008ad00000| Complete 
| 142|0x000000008ae00000, 0x000000008af00000, 0x000000008af00000|100%| E|CS|TAMS 0x000000008ae00000, 0x000000008ae00000| Complete 
| 143|0x000000008af00000, 0x000000008b000000, 0x000000008b000000|100%| E|CS|TAMS 0x000000008af00000, 0x000000008af00000| Complete 
| 144|0x000000008b000000, 0x000000008b100000, 0x000000008b100000|100%| E|CS|TAMS 0x000000008b000000, 0x000000008b000000| Complete 
| 145|0x000000008b100000, 0x000000008b200000, 0x000000008b200000|100%| E|CS|TAMS 0x000000008b100000, 0x000000008b100000| Complete 
| 146|0x000000008b200000, 0x000000008b300000, 0x000000008b300000|100%| E|CS|TAMS 0x000000008b200000, 0x000000008b200000| Complete 
| 147|0x000000008b300000, 0x000000008b400000, 0x000000008b400000|100%| E|CS|TAMS 0x000000008b300000, 0x000000008b300000| Complete 
| 148|0x000000008b400000, 0x000000008b500000, 0x000000008b500000|100%| E|CS|TAMS 0x000000008b400000, 0x000000008b400000| Complete 
| 149|0x000000008b500000, 0x000000008b600000, 0x000000008b600000|100%| E|CS|TAMS 0x000000008b500000, 0x000000008b500000| Complete 
| 150|0x000000008b600000, 0x000000008b700000, 0x000000008b700000|100%| E|CS|TAMS 0x000000008b600000, 0x000000008b600000| Complete 
| 151|0x000000008b700000, 0x000000008b800000, 0x000000008b800000|100%| E|CS|TAMS 0x000000008b700000, 0x000000008b700000| Complete 
| 152|0x000000008b800000, 0x000000008b900000, 0x000000008b900000|100%| E|CS|TAMS 0x000000008b800000, 0x000000008b800000| Complete 
| 153|0x000000008b900000, 0x000000008ba00000, 0x000000008ba00000|100%| E|CS|TAMS 0x000000008b900000, 0x000000008b900000| Complete 
| 154|0x000000008ba00000, 0x000000008bb00000, 0x000000008bb00000|100%| E|CS|TAMS 0x000000008ba00000, 0x000000008ba00000| Complete 
| 155|0x000000008bb00000, 0x000000008bc00000, 0x000000008bc00000|100%| E|CS|TAMS 0x000000008bb00000, 0x000000008bb00000| Complete 
| 156|0x000000008bc00000, 0x000000008bd00000, 0x000000008bd00000|100%| E|CS|TAMS 0x000000008bc00000, 0x000000008bc00000| Complete 
| 157|0x000000008bd00000, 0x000000008be00000, 0x000000008be00000|100%| E|CS|TAMS 0x000000008bd00000, 0x000000008bd00000| Complete 
| 158|0x000000008be00000, 0x000000008bf00000, 0x000000008bf00000|100%| E|CS|TAMS 0x000000008be00000, 0x000000008be00000| Complete 
| 159|0x000000008bf00000, 0x000000008c000000, 0x000000008c000000|100%| E|CS|TAMS 0x000000008bf00000, 0x000000008bf00000| Complete 
| 160|0x000000008c000000, 0x000000008c100000, 0x000000008c100000|100%| E|CS|TAMS 0x000000008c000000, 0x000000008c000000| Complete 
| 161|0x000000008c100000, 0x000000008c200000, 0x000000008c200000|100%| E|CS|TAMS 0x000000008c100000, 0x000000008c100000| Complete 
| 162|0x000000008c200000, 0x000000008c300000, 0x000000008c300000|100%| E|CS|TAMS 0x000000008c200000, 0x000000008c200000| Complete 
| 163|0x000000008c300000, 0x000000008c400000, 0x000000008c400000|100%| E|CS|TAMS 0x000000008c300000, 0x000000008c300000| Complete 
| 164|0x000000008c400000, 0x000000008c500000, 0x000000008c500000|100%| E|CS|TAMS 0x000000008c400000, 0x000000008c400000| Complete 
| 165|0x000000008c500000, 0x000000008c600000, 0x000000008c600000|100%| E|CS|TAMS 0x000000008c500000, 0x000000008c500000| Complete 
| 166|0x000000008c600000, 0x000000008c700000, 0x000000008c700000|100%| E|CS|TAMS 0x000000008c600000, 0x000000008c600000| Complete 
| 167|0x000000008c700000, 0x000000008c800000, 0x000000008c800000|100%| E|CS|TAMS 0x000000008c700000, 0x000000008c700000| Complete 
| 168|0x000000008c800000, 0x000000008c900000, 0x000000008c900000|100%| E|CS|TAMS 0x000000008c800000, 0x000000008c800000| Complete 
| 169|0x000000008c900000, 0x000000008ca00000, 0x000000008ca00000|100%| E|CS|TAMS 0x000000008c900000, 0x000000008c900000| Complete 
| 170|0x000000008ca00000, 0x000000008cb00000, 0x000000008cb00000|100%| E|CS|TAMS 0x000000008ca00000, 0x000000008ca00000| Complete 
| 171|0x000000008cb00000, 0x000000008cc00000, 0x000000008cc00000|100%| E|CS|TAMS 0x000000008cb00000, 0x000000008cb00000| Complete 

Card table byte_map: [0x0000029cfa130000,0x0000029cfa520000] _byte_map_base: 0x0000029cf9d20000

Marking Bits (Prev, Next): (CMBitMap*) 0x0000029cf63b96d0, (CMBitMap*) 0x0000029cf63b9690
 Prev Bits: [0x0000029cfc890000, 0x0000029cfe810000)
 Next Bits: [0x0000029cfa910000, 0x0000029cfc890000)

Polling page: 0x0000029cf4320000

Metaspace:

Usage:
  Non-class:     69.71 MB used.
      Class:      9.84 MB used.
       Both:     79.55 MB used.

Virtual space:
  Non-class space:       72.00 MB reserved,      70.00 MB ( 97%) committed,  9 nodes.
      Class space:        1.00 GB reserved,      10.06 MB ( <1%) committed,  1 nodes.
             Both:        1.07 GB reserved,      80.06 MB (  7%) committed. 

Chunk freelists:
   Non-Class:  2.05 MB
       Class:  1.92 MB
        Both:  3.97 MB

MaxMetaspaceSize: unlimited
CompressedClassSpaceSize: 1.00 GB
Initial GC threshold: 21.00 MB
Current GC threshold: 116.81 MB
CDS: off
MetaspaceReclaimPolicy: balanced
 - commit_granule_bytes: 65536.
 - commit_granule_words: 8192.
 - virtual_space_node_default_size: 1048576.
 - enlarge_chunks_in_place: 1.
 - new_chunks_are_fully_committed: 0.
 - uncommit_free_chunks: 1.
 - use_allocation_guard: 0.
 - handle_deallocations: 1.


Internal statistics:

num_allocs_failed_limit: 6.
num_arena_births: 636.
num_arena_deaths: 0.
num_vsnodes_births: 10.
num_vsnodes_deaths: 0.
num_space_committed: 1281.
num_space_uncommitted: 0.
num_chunks_returned_to_freelist: 6.
num_chunks_taken_from_freelist: 3383.
num_chunk_merges: 3.
num_chunk_splits: 2382.
num_chunks_enlarged: 1835.
num_purges: 0.
num_inconsistent_stats: 0.

CodeHeap 'non-profiled nmethods': size=120000Kb used=11603Kb max_used=11603Kb free=108396Kb
 bounds [0x0000029c87ad0000, 0x0000029c88630000, 0x0000029c8f000000]
CodeHeap 'profiled nmethods': size=120000Kb used=18616Kb max_used=23887Kb free=101383Kb
 bounds [0x0000029c805a0000, 0x0000029c81d00000, 0x0000029c87ad0000]
CodeHeap 'non-nmethods': size=5760Kb used=1333Kb max_used=1454Kb free=4427Kb
 bounds [0x0000029c80000000, 0x0000029c80270000, 0x0000029c805a0000]
 total_blobs=11230 nmethods=10570 adapters=571
 compilation: enabled
              stopped_count=0, restarted_count=0
 full_count=0

Compilation events (20 events):
Event: 1386.721 Thread 0x0000029cffc2da20 nmethod 13257 0x0000029c80760f10 code [0x0000029c807610c0, 0x0000029c807613d8]
Event: 1386.721 Thread 0x0000029cffc2da20 13258       3       java.net.InetAddress$InetAddressHolder::<init> (5 bytes)
Event: 1386.721 Thread 0x0000029cffc2da20 nmethod 13258 0x0000029c806ec610 code [0x0000029c806ec7a0, 0x0000029c806ec8f8]
Event: 1386.912 Thread 0x0000029cffc2d030 13259       4       org.springframework.web.servlet.handler.AbstractHandlerMethodMapping::lookupHandlerMethod (385 bytes)
Event: 1387.172 Thread 0x0000029cffc2d030 nmethod 13259 0x0000029c88613690 code [0x0000029c886138e0, 0x0000029c886148b0]
Event: 1387.916 Thread 0x0000029cffc2da20 13265       3       java.net.SocketAddress::<init> (5 bytes)
Event: 1387.953 Thread 0x0000029cffc2da20 nmethod 13265 0x0000029c807b2e10 code [0x0000029c807b2fa0, 0x0000029c807b30f8]
Event: 1390.106 Thread 0x0000029cffc2da20 13266       3       java.lang.Exception::<init> (6 bytes)
Event: 1390.770 Thread 0x0000029cffc2da20 nmethod 13266 0x0000029c80696b10 code [0x0000029c80696ce0, 0x0000029c80697108]
Event: 1391.332 Thread 0x0000029cffc2d030 13263   !   4       org.apache.catalina.connector.CoyoteAdapter::postParseRequest (1106 bytes)
Event: 1391.332 Thread 0x0000029c9260ce70 13260   !   4       org.apache.catalina.connector.Request::recycle (332 bytes)
Event: 1391.491 Thread 0x0000029c9260ce70 nmethod 13260 0x0000029c88615a10 code [0x0000029c88615c20, 0x0000029c88617c28]
Event: 1391.670 Thread 0x0000029cffc2d030 nmethod 13263 0x0000029c88618710 code [0x0000029c88618b60, 0x0000029c8861cc80]
Event: 1392.073 Thread 0x0000029cffc2d030 13267       4       com.fasterxml.jackson.core.JsonFactory::_createParser (37 bytes)
Event: 1392.092 Thread 0x0000029cffc2da20 13269       3       java.net.InetSocketAddress::<init> (32 bytes)
Event: 1392.121 Thread 0x0000029cffc2d030 nmethod 13267 0x0000029c8861fe90 code [0x0000029c88620040, 0x0000029c88620f38]
Event: 1392.121 Thread 0x0000029cffc2d030 13268       4       com.fasterxml.jackson.core.sym.CharsToNameCanonicalizer::makeChild (24 bytes)
Event: 1392.130 Thread 0x0000029cffc2d030 nmethod 13268 0x0000029c88621410 code [0x0000029c886215a0, 0x0000029c88621a18]
Event: 1392.132 Thread 0x0000029cffc2d030 13272       4       org.springframework.web.servlet.handler.AbstractHandlerMapping$CorsInterceptor::preHandle (35 bytes)
Event: 1392.177 Thread 0x0000029cffc2da20 nmethod 13269 0x0000029c80a62510 code [0x0000029c80a62700, 0x0000029c80a62c18]

GC Heap History (20 events):
Event: 1048.415 GC heap before
{Heap before GC invocations=56 (full 0):
 garbage-first heap   total 88064K, used 77086K [0x0000000082000000, 0x0000000100000000)
  region size 1024K, 39 young (39936K), 1 survivors (1024K)
 Metaspace       used 81378K, committed 81856K, reserved 1122304K
  class space    used 10073K, committed 10304K, reserved 1048576K
}
Event: 1050.056 GC heap after
{Heap after GC invocations=57 (full 0):
 garbage-first heap   total 88064K, used 38205K [0x0000000082000000, 0x0000000100000000)
  region size 1024K, 1 young (1024K), 1 survivors (1024K)
 Metaspace       used 81378K, committed 81856K, reserved 1122304K
  class space    used 10073K, committed 10304K, reserved 1048576K
}
Event: 1050.493 GC heap before
{Heap before GC invocations=57 (full 0):
 garbage-first heap   total 88064K, used 41277K [0x0000000082000000, 0x0000000100000000)
  region size 1024K, 4 young (4096K), 1 survivors (1024K)
 Metaspace       used 81379K, committed 81856K, reserved 1122304K
  class space    used 10073K, committed 10304K, reserved 1048576K
}
Event: 1050.538 GC heap after
{Heap after GC invocations=58 (full 0):
 garbage-first heap   total 88064K, used 38164K [0x0000000082000000, 0x0000000100000000)
  region size 1024K, 1 young (1024K), 1 survivors (1024K)
 Metaspace       used 81379K, committed 81856K, reserved 1122304K
  class space    used 10073K, committed 10304K, reserved 1048576K
}
Event: 1050.928 GC heap before
{Heap before GC invocations=58 (full 0):
 garbage-first heap   total 88064K, used 41236K [0x0000000082000000, 0x0000000100000000)
  region size 1024K, 4 young (4096K), 1 survivors (1024K)
 Metaspace       used 81379K, committed 81856K, reserved 1122304K
  class space    used 10073K, committed 10304K, reserved 1048576K
}
Event: 1051.014 GC heap after
{Heap after GC invocations=59 (full 0):
 garbage-first heap   total 176128K, used 38191K [0x0000000082000000, 0x0000000100000000)
  region size 1024K, 1 young (1024K), 1 survivors (1024K)
 Metaspace       used 81379K, committed 81856K, reserved 1122304K
  class space    used 10073K, committed 10304K, reserved 1048576K
}
Event: 1051.931 GC heap before
{Heap before GC invocations=59 (full 0):
 garbage-first heap   total 176128K, used 45359K [0x0000000082000000, 0x0000000100000000)
  region size 1024K, 8 young (8192K), 1 survivors (1024K)
 Metaspace       used 81379K, committed 81856K, reserved 1122304K
  class space    used 10073K, committed 10304K, reserved 1048576K
}
Event: 1052.041 GC heap after
{Heap after GC invocations=60 (full 0):
 garbage-first heap   total 176128K, used 38209K [0x0000000082000000, 0x0000000100000000)
  region size 1024K, 1 young (1024K), 1 survivors (1024K)
 Metaspace       used 81379K, committed 81856K, reserved 1122304K
  class space    used 10073K, committed 10304K, reserved 1048576K
}
Event: 1084.814 GC heap before
{Heap before GC invocations=60 (full 0):
 garbage-first heap   total 176128K, used 142657K [0x0000000082000000, 0x0000000100000000)
  region size 1024K, 103 young (105472K), 1 survivors (1024K)
 Metaspace       used 81391K, committed 81856K, reserved 1122304K
  class space    used 10073K, committed 10304K, reserved 1048576K
}
Event: 1084.890 GC heap after
{Heap after GC invocations=61 (full 0):
 garbage-first heap   total 176128K, used 38247K [0x0000000082000000, 0x0000000100000000)
  region size 1024K, 1 young (1024K), 1 survivors (1024K)
 Metaspace       used 81391K, committed 81856K, reserved 1122304K
  class space    used 10073K, committed 10304K, reserved 1048576K
}
Event: 1113.508 GC heap before
{Heap before GC invocations=61 (full 0):
 garbage-first heap   total 176128K, used 142695K [0x0000000082000000, 0x0000000100000000)
  region size 1024K, 103 young (105472K), 1 survivors (1024K)
 Metaspace       used 81392K, committed 81856K, reserved 1122304K
  class space    used 10073K, committed 10304K, reserved 1048576K
}
Event: 1113.584 GC heap after
{Heap after GC invocations=62 (full 0):
 garbage-first heap   total 176128K, used 38284K [0x0000000082000000, 0x0000000100000000)
  region size 1024K, 1 young (1024K), 1 survivors (1024K)
 Metaspace       used 81392K, committed 81856K, reserved 1122304K
  class space    used 10073K, committed 10304K, reserved 1048576K
}
Event: 1138.467 GC heap before
{Heap before GC invocations=62 (full 0):
 garbage-first heap   total 176128K, used 142732K [0x0000000082000000, 0x0000000100000000)
  region size 1024K, 103 young (105472K), 1 survivors (1024K)
 Metaspace       used 81395K, committed 81856K, reserved 1122304K
  class space    used 10073K, committed 10304K, reserved 1048576K
}
Event: 1138.470 GC heap after
{Heap after GC invocations=63 (full 0):
 garbage-first heap   total 176128K, used 38342K [0x0000000082000000, 0x0000000100000000)
  region size 1024K, 1 young (1024K), 1 survivors (1024K)
 Metaspace       used 81395K, committed 81856K, reserved 1122304K
  class space    used 10073K, committed 10304K, reserved 1048576K
}
Event: 1159.669 GC heap before
{Heap before GC invocations=63 (full 0):
 garbage-first heap   total 176128K, used 142790K [0x0000000082000000, 0x0000000100000000)
  region size 1024K, 103 young (105472K), 1 survivors (1024K)
 Metaspace       used 81408K, committed 81856K, reserved 1122304K
  class space    used 10074K, committed 10304K, reserved 1048576K
}
Event: 1159.726 GC heap after
{Heap after GC invocations=64 (full 0):
 garbage-first heap   total 176128K, used 38391K [0x0000000082000000, 0x0000000100000000)
  region size 1024K, 1 young (1024K), 1 survivors (1024K)
 Metaspace       used 81408K, committed 81856K, reserved 1122304K
  class space    used 10074K, committed 10304K, reserved 1048576K
}
Event: 1186.536 GC heap before
{Heap before GC invocations=64 (full 0):
 garbage-first heap   total 176128K, used 142839K [0x0000000082000000, 0x0000000100000000)
  region size 1024K, 103 young (105472K), 1 survivors (1024K)
 Metaspace       used 81412K, committed 81856K, reserved 1122304K
  class space    used 10074K, committed 10304K, reserved 1048576K
}
Event: 1186.596 GC heap after
{Heap after GC invocations=65 (full 0):
 garbage-first heap   total 176128K, used 38420K [0x0000000082000000, 0x0000000100000000)
  region size 1024K, 1 young (1024K), 1 survivors (1024K)
 Metaspace       used 81412K, committed 81856K, reserved 1122304K
  class space    used 10074K, committed 10304K, reserved 1048576K
}
Event: 1385.062 GC heap before
{Heap before GC invocations=65 (full 0):
 garbage-first heap   total 176128K, used 142868K [0x0000000082000000, 0x0000000100000000)
  region size 1024K, 103 young (105472K), 1 survivors (1024K)
 Metaspace       used 81433K, committed 81920K, reserved 1122304K
  class space    used 10075K, committed 10304K, reserved 1048576K
}
Event: 1385.357 GC heap after
{Heap after GC invocations=66 (full 0):
 garbage-first heap   total 176128K, used 38445K [0x0000000082000000, 0x0000000100000000)
  region size 1024K, 1 young (1024K), 1 survivors (1024K)
 Metaspace       used 81433K, committed 81920K, reserved 1122304K
  class space    used 10075K, committed 10304K, reserved 1048576K
}

Deoptimization events (20 events):
Event: 1390.681 Thread 0x0000029c99a17900 Uncommon trap: trap_request=0xffffff45 fr.pc=0x0000029c8857e7f0 relative=0x00000000000008d0
Event: 1390.681 Thread 0x0000029c95b490a0 Uncommon trap: trap_request=0xffffff45 fr.pc=0x0000029c8857e7f0 relative=0x00000000000008d0
Event: 1390.681 Thread 0x0000029c99a17900 Uncommon trap: reason=unstable_if action=reinterpret pc=0x0000029c8857e7f0 method=org.apache.tomcat.util.threads.ThreadPoolExecutor.getTask()Ljava/lang/Runnable; @ 62 c2
Event: 1390.681 Thread 0x0000029c95b490a0 Uncommon trap: reason=unstable_if action=reinterpret pc=0x0000029c8857e7f0 method=org.apache.tomcat.util.threads.ThreadPoolExecutor.getTask()Ljava/lang/Runnable; @ 62 c2
Event: 1390.682 Thread 0x0000029c99a17900 DEOPT PACKING pc=0x0000029c8857e7f0 sp=0x000000b7b85ff130
Event: 1390.682 Thread 0x0000029c95b490a0 DEOPT PACKING pc=0x0000029c8857e7f0 sp=0x000000b7b80fefd0
Event: 1390.682 Thread 0x0000029c95b490a0 DEOPT UNPACKING pc=0x0000029c800523a3 sp=0x000000b7b80fefa0 mode 2
Event: 1390.708 Thread 0x0000029c99a17900 DEOPT UNPACKING pc=0x0000029c800523a3 sp=0x000000b7b85ff100 mode 2
Event: 1391.934 Thread 0x0000029c99a15c20 Uncommon trap: trap_request=0xfffffff4 fr.pc=0x0000029c881e6efc relative=0x0000000000000abc
Event: 1391.934 Thread 0x0000029c99a15c20 Uncommon trap: reason=null_check action=make_not_entrant pc=0x0000029c881e6efc method=com.fasterxml.jackson.core.util.BufferRecyclers.getBufferRecycler()Lcom/fasterxml/jackson/core/util/BufferRecycler; @ 6 c2
Event: 1391.934 Thread 0x0000029c99a15c20 DEOPT PACKING pc=0x0000029c881e6efc sp=0x000000b7b55fe020
Event: 1391.934 Thread 0x0000029c99a15c20 DEOPT UNPACKING pc=0x0000029c800523a3 sp=0x000000b7b55fdec0 mode 2
Event: 1391.936 Thread 0x0000029c99a15c20 Uncommon trap: trap_request=0xffffff5c fr.pc=0x0000029c881df3bc relative=0x000000000000021c
Event: 1391.936 Thread 0x0000029c99a15c20 Uncommon trap: reason=speculate_null_check action=make_not_entrant pc=0x0000029c881df3bc method=com.fasterxml.jackson.core.util.BufferRecycler.allocCharBuffer(II)[C @ 22 c2
Event: 1391.937 Thread 0x0000029c99a15c20 DEOPT PACKING pc=0x0000029c881df3bc sp=0x000000b7b55fdf40
Event: 1391.937 Thread 0x0000029c99a15c20 DEOPT UNPACKING pc=0x0000029c800523a3 sp=0x000000b7b55fdee8 mode 2
Event: 1391.944 Thread 0x0000029c99a15c20 Uncommon trap: trap_request=0xffffff45 fr.pc=0x0000029c883b5dd8 relative=0x0000000000001378
Event: 1391.945 Thread 0x0000029c99a15c20 Uncommon trap: reason=unstable_if action=reinterpret pc=0x0000029c883b5dd8 method=com.zaxxer.hikari.util.ConcurrentBag.borrow(JLjava/util/concurrent/TimeUnit;)Lcom/zaxxer/hikari/util/ConcurrentBag$IConcurrentBagEntry; @ 25 c2
Event: 1391.946 Thread 0x0000029c99a15c20 DEOPT PACKING pc=0x0000029c883b5dd8 sp=0x000000b7b55fd1d0
Event: 1391.946 Thread 0x0000029c99a15c20 DEOPT UNPACKING pc=0x0000029c800523a3 sp=0x000000b7b55fcd98 mode 2

Classes unloaded (0 events):
No events

Classes redefined (0 events):
No events

Internal exceptions (20 events):
Event: 1392.142 Thread 0x0000029c99a148e0 Exception <a 'java/net/SocketException'{0x000000008c051518}: Connection reset by peer: shutdown> (0x000000008c051518) 
thrown [e:\jenkins\tmp\workspace\build\src\src\hotspot\share\prims\jni.cpp, line 535]
Event: 1392.160 Thread 0x0000029c95b48700 Exception <a 'java/net/SocketException'{0x000000008c0b44f0}: Connection reset by peer: shutdown> (0x000000008c0b44f0) 
thrown [e:\jenkins\tmp\workspace\build\src\src\hotspot\share\prims\jni.cpp, line 535]
Event: 1392.172 Thread 0x0000029c99a165c0 Exception <a 'java/net/SocketException'{0x000000008c0ed180}: Connection reset by peer: shutdown> (0x000000008c0ed180) 
thrown [e:\jenkins\tmp\workspace\build\src\src\hotspot\share\prims\jni.cpp, line 535]
Event: 1392.185 Thread 0x0000029c95b473c0 Exception <a 'java/net/SocketException'{0x000000008bf1a598}: Connection reset by peer: shutdown> (0x000000008bf1a598) 
thrown [e:\jenkins\tmp\workspace\build\src\src\hotspot\share\prims\jni.cpp, line 535]
Event: 1392.194 Thread 0x0000029c99a17900 Exception <a 'java/net/SocketException'{0x000000008bf39380}: Connection reset by peer: shutdown> (0x000000008bf39380) 
thrown [e:\jenkins\tmp\workspace\build\src\src\hotspot\share\prims\jni.cpp, line 535]
Event: 1392.205 Thread 0x0000029c99a182a0 Exception <a 'java/net/SocketException'{0x000000008bf7ef68}: Connection reset by peer: shutdown> (0x000000008bf7ef68) 
thrown [e:\jenkins\tmp\workspace\build\src\src\hotspot\share\prims\jni.cpp, line 535]
Event: 1392.215 Thread 0x0000029c99a13a70 Exception <a 'java/net/SocketException'{0x000000008bf96d70}: Connection reset by peer: shutdown> (0x000000008bf96d70) 
thrown [e:\jenkins\tmp\workspace\build\src\src\hotspot\share\prims\jni.cpp, line 535]
Event: 1392.228 Thread 0x0000029c95b490a0 Exception <a 'java/net/SocketException'{0x000000008bfe0d80}: Connection reset by peer: shutdown> (0x000000008bfe0d80) 
thrown [e:\jenkins\tmp\workspace\build\src\src\hotspot\share\prims\jni.cpp, line 535]
Event: 1392.240 Thread 0x0000029c99a135a0 Exception <a 'java/net/SocketException'{0x000000008c15eb10}: Connection reset by peer: shutdown> (0x000000008c15eb10) 
thrown [e:\jenkins\tmp\workspace\build\src\src\hotspot\share\prims\jni.cpp, line 535]
Event: 1392.264 Thread 0x0000029c95b47d60 Exception <a 'java/net/SocketException'{0x000000008c1e6710}: Connection reset by peer: shutdown> (0x000000008c1e6710) 
thrown [e:\jenkins\tmp\workspace\build\src\src\hotspot\share\prims\jni.cpp, line 535]
Event: 1392.283 Thread 0x0000029c99a15c20 Exception <a 'java/net/SocketException'{0x000000008be1b220}: Connection reset by peer: shutdown> (0x000000008be1b220) 
thrown [e:\jenkins\tmp\workspace\build\src\src\hotspot\share\prims\jni.cpp, line 535]
Event: 1392.298 Thread 0x0000029c99a148e0 Exception <a 'java/net/SocketException'{0x000000008c078128}: Connection reset by peer: shutdown> (0x000000008c078128) 
thrown [e:\jenkins\tmp\workspace\build\src\src\hotspot\share\prims\jni.cpp, line 535]
Event: 1392.316 Thread 0x0000029c95b48700 Exception <a 'java/net/SocketException'{0x000000008c0db100}: Connection reset by peer: shutdown> (0x000000008c0db100) 
thrown [e:\jenkins\tmp\workspace\build\src\src\hotspot\share\prims\jni.cpp, line 535]
Event: 1392.334 Thread 0x0000029c99a165c0 Exception <a 'java/net/SocketException'{0x000000008be32d18}: Connection reset by peer: shutdown> (0x000000008be32d18) 
thrown [e:\jenkins\tmp\workspace\build\src\src\hotspot\share\prims\jni.cpp, line 535]
Event: 1392.346 Thread 0x0000029c95b473c0 Exception <a 'java/net/SocketException'{0x000000008be60798}: Connection reset by peer: shutdown> (0x000000008be60798) 
thrown [e:\jenkins\tmp\workspace\build\src\src\hotspot\share\prims\jni.cpp, line 535]
Event: 1392.357 Thread 0x0000029c99a17900 Exception <a 'java/net/SocketException'{0x000000008bf5ff90}: Connection reset by peer: shutdown> (0x000000008bf5ff90) 
thrown [e:\jenkins\tmp\workspace\build\src\src\hotspot\share\prims\jni.cpp, line 535]
Event: 1392.369 Thread 0x0000029c99a182a0 Exception <a 'java/net/SocketException'{0x000000008be94600}: Connection reset by peer: shutdown> (0x000000008be94600) 
thrown [e:\jenkins\tmp\workspace\build\src\src\hotspot\share\prims\jni.cpp, line 535]
Event: 1392.382 Thread 0x0000029c99a13a70 Exception <a 'java/net/SocketException'{0x000000008bfbd980}: Connection reset by peer: shutdown> (0x000000008bfbd980) 
thrown [e:\jenkins\tmp\workspace\build\src\src\hotspot\share\prims\jni.cpp, line 535]
Event: 1392.397 Thread 0x0000029c95b490a0 Exception <a 'java/net/SocketException'{0x000000008bec65d0}: Connection reset by peer: shutdown> (0x000000008bec65d0) 
thrown [e:\jenkins\tmp\workspace\build\src\src\hotspot\share\prims\jni.cpp, line 535]
Event: 1392.416 Thread 0x0000029c99a135a0 Exception <a 'java/net/SocketException'{0x000000008bd04b00}: Connection reset by peer: shutdown> (0x000000008bd04b00) 
thrown [e:\jenkins\tmp\workspace\build\src\src\hotspot\share\prims\jni.cpp, line 535]

VM Operations (20 events):
Event: 1264.352 Executing VM operation: Cleanup
Event: 1264.352 Executing VM operation: Cleanup done
Event: 1305.643 Executing VM operation: Cleanup
Event: 1305.643 Executing VM operation: Cleanup done
Event: 1311.689 Executing VM operation: Cleanup
Event: 1311.689 Executing VM operation: Cleanup done
Event: 1348.894 Executing VM operation: Cleanup
Event: 1348.894 Executing VM operation: Cleanup done
Event: 1364.027 Executing VM operation: Cleanup
Event: 1364.027 Executing VM operation: Cleanup done
Event: 1376.115 Executing VM operation: Cleanup
Event: 1376.115 Executing VM operation: Cleanup done
Event: 1378.132 Executing VM operation: Cleanup
Event: 1378.132 Executing VM operation: Cleanup done
Event: 1382.158 Executing VM operation: Cleanup
Event: 1382.158 Executing VM operation: Cleanup done
Event: 1383.168 Executing VM operation: Cleanup
Event: 1383.168 Executing VM operation: Cleanup done
Event: 1385.062 Executing VM operation: G1CollectForAllocation
Event: 1385.357 Executing VM operation: G1CollectForAllocation done

Events (20 events):
Event: 1170.145 Thread 0x0000029cffc41ff0 flushing nmethod 0x0000029c81c29710
Event: 1170.145 Thread 0x0000029cffc41ff0 flushing nmethod 0x0000029c81c2b690
Event: 1170.145 Thread 0x0000029cffc41ff0 flushing nmethod 0x0000029c81c3d010
Event: 1170.145 Thread 0x0000029cffc41ff0 flushing nmethod 0x0000029c81c6b590
Event: 1170.145 Thread 0x0000029cffc41ff0 flushing nmethod 0x0000029c81c9b790
Event: 1170.145 Thread 0x0000029cffc41ff0 flushing nmethod 0x0000029c81cabb10
Event: 1170.145 Thread 0x0000029cffc41ff0 flushing nmethod 0x0000029c81cb2d90
Event: 1170.145 Thread 0x0000029cffc41ff0 flushing nmethod 0x0000029c81cb3410
Event: 1170.145 Thread 0x0000029cffc41ff0 flushing nmethod 0x0000029c81cbe510
Event: 1170.145 Thread 0x0000029cffc41ff0 flushing nmethod 0x0000029c81ccc810
Event: 1170.146 Thread 0x0000029cffc41ff0 flushing nmethod 0x0000029c81ce6410
Event: 1170.146 Thread 0x0000029cffc41ff0 flushing nmethod 0x0000029c81cec590
Event: 1170.146 Thread 0x0000029cffc41ff0 flushing nmethod 0x0000029c81cef590
Event: 1377.281 Thread 0x0000029c9260ecd0 Thread added: 0x0000029c9260ecd0
Event: 1380.930 Thread 0x0000029c9260ecd0 Thread exited: 0x0000029c9260ecd0
Event: 1381.922 Thread 0x0000029c9260ce70 Thread added: 0x0000029c9260ce70
Event: 1382.738 Thread 0x0000029c9260ce70 Thread exited: 0x0000029c9260ce70
Event: 1391.331 Thread 0x0000029c9260ce70 Thread added: 0x0000029c9260ce70
Event: 1391.896 Thread 0x0000029c99a15c20 Thread added: 0x0000029c99a15c20
Event: 1392.073 Thread 0x0000029c9260ce70 Thread exited: 0x0000029c9260ce70


Dynamic libraries:
0x00007ff7d8900000 - 0x00007ff7d890e000 	E:\Programing soft\sts-4.15.1.RELEASE\plugins\org.eclipse.justj.openjdk.hotspot.jre.full.win32.x86_64_17.0.3.v20220515-1416\jre\bin\javaw.exe
0x00007ffc14ab0000 - 0x00007ffc14ca5000 	C:\Windows\SYSTEM32\ntdll.dll
0x00007ffc149b0000 - 0x00007ffc14a6d000 	C:\Windows\System32\KERNEL32.DLL
0x00007ffc12550000 - 0x00007ffc1281d000 	C:\Windows\System32\KERNELBASE.dll
0x00007ffc12870000 - 0x00007ffc12970000 	C:\Windows\System32\ucrtbase.dll
0x00007ffbf8790000 - 0x00007ffbf87a8000 	E:\Programing soft\sts-4.15.1.RELEASE\plugins\org.eclipse.justj.openjdk.hotspot.jre.full.win32.x86_64_17.0.3.v20220515-1416\jre\bin\jli.dll
0x00007ffc0c290000 - 0x00007ffc0c2a9000 	E:\Programing soft\sts-4.15.1.RELEASE\plugins\org.eclipse.justj.openjdk.hotspot.jre.full.win32.x86_64_17.0.3.v20220515-1416\jre\bin\VCRUNTIME140.dll
0x00007ffc12d80000 - 0x00007ffc12f20000 	C:\Windows\System32\USER32.dll
0x00007ffc12490000 - 0x00007ffc124b2000 	C:\Windows\System32\win32u.dll
0x00007ffc13f30000 - 0x00007ffc13f5a000 	C:\Windows\System32\GDI32.dll
0x00007ffc000e0000 - 0x00007ffc0037a000 	C:\Windows\WinSxS\amd64_microsoft.windows.common-controls_6595b64144ccf1df_6.0.19041.1110_none_60b5254171f9507e\COMCTL32.dll
0x00007ffc122e0000 - 0x00007ffc123eb000 	C:\Windows\System32\gdi32full.dll
0x00007ffc145b0000 - 0x00007ffc1464e000 	C:\Windows\System32\msvcrt.dll
0x00007ffc123f0000 - 0x00007ffc1248d000 	C:\Windows\System32\msvcp_win.dll
0x00007ffc12b00000 - 0x00007ffc12b30000 	C:\Windows\System32\IMM32.DLL
0x00007ffc09370000 - 0x00007ffc0937c000 	E:\Programing soft\sts-4.15.1.RELEASE\plugins\org.eclipse.justj.openjdk.hotspot.jre.full.win32.x86_64_17.0.3.v20220515-1416\jre\bin\vcruntime140_1.dll
0x00007ffbfaa90000 - 0x00007ffbfab21000 	E:\Programing soft\sts-4.15.1.RELEASE\plugins\org.eclipse.justj.openjdk.hotspot.jre.full.win32.x86_64_17.0.3.v20220515-1416\jre\bin\msvcp140.dll
0x00007ffbb4350000 - 0x00007ffbb4f98000 	E:\Programing soft\sts-4.15.1.RELEASE\plugins\org.eclipse.justj.openjdk.hotspot.jre.full.win32.x86_64_17.0.3.v20220515-1416\jre\bin\server\jvm.dll
0x00007ffc12f20000 - 0x00007ffc12fce000 	C:\Windows\System32\ADVAPI32.dll
0x00007ffc12ce0000 - 0x00007ffc12d7c000 	C:\Windows\System32\sechost.dll
0x00007ffc14480000 - 0x00007ffc145a5000 	C:\Windows\System32\RPCRT4.dll
0x00007ffc13d70000 - 0x00007ffc13d78000 	C:\Windows\System32\PSAPI.DLL
0x00007ffc0dfa0000 - 0x00007ffc0dfc7000 	C:\Windows\SYSTEM32\WINMM.dll
0x00007ffbfe740000 - 0x00007ffbfe749000 	C:\Windows\SYSTEM32\WSOCK32.dll
0x00007ffc13e10000 - 0x00007ffc13e7b000 	C:\Windows\System32\WS2_32.dll
0x00007ffc0c630000 - 0x00007ffc0c63a000 	C:\Windows\SYSTEM32\VERSION.dll
0x00007ffc10080000 - 0x00007ffc10092000 	C:\Windows\SYSTEM32\kernel.appcore.dll
0x00007ffc08f60000 - 0x00007ffc08f6a000 	E:\Programing soft\sts-4.15.1.RELEASE\plugins\org.eclipse.justj.openjdk.hotspot.jre.full.win32.x86_64_17.0.3.v20220515-1416\jre\bin\jimage.dll
0x00007ffc02e70000 - 0x00007ffc03054000 	C:\Windows\SYSTEM32\DBGHELP.DLL
0x00007ffc02dc0000 - 0x00007ffc02dec000 	C:\Windows\SYSTEM32\dbgcore.DLL
0x00007ffc124c0000 - 0x00007ffc12542000 	C:\Windows\System32\bcryptPrimitives.dll
0x00007ffbf5370000 - 0x00007ffbf5395000 	E:\Programing soft\sts-4.15.1.RELEASE\plugins\org.eclipse.justj.openjdk.hotspot.jre.full.win32.x86_64_17.0.3.v20220515-1416\jre\bin\java.dll
0x00007ffbf6570000 - 0x00007ffbf6588000 	E:\Programing soft\sts-4.15.1.RELEASE\plugins\org.eclipse.justj.openjdk.hotspot.jre.full.win32.x86_64_17.0.3.v20220515-1416\jre\bin\zip.dll
0x00007ffc12fd0000 - 0x00007ffc13714000 	C:\Windows\System32\SHELL32.dll
0x00007ffc10280000 - 0x00007ffc10a14000 	C:\Windows\SYSTEM32\windows.storage.dll
0x00007ffc14650000 - 0x00007ffc149a4000 	C:\Windows\System32\combase.dll
0x00007ffc11c20000 - 0x00007ffc11c4c000 	C:\Windows\SYSTEM32\Wldp.dll
0x00007ffc13730000 - 0x00007ffc137dd000 	C:\Windows\System32\SHCORE.dll
0x00007ffc13be0000 - 0x00007ffc13c35000 	C:\Windows\System32\shlwapi.dll
0x00007ffc12100000 - 0x00007ffc1211f000 	C:\Windows\SYSTEM32\profapi.dll
0x00007ffbf4c70000 - 0x00007ffbf4c89000 	E:\Programing soft\sts-4.15.1.RELEASE\plugins\org.eclipse.justj.openjdk.hotspot.jre.full.win32.x86_64_17.0.3.v20220515-1416\jre\bin\net.dll
0x00007ffc0a220000 - 0x00007ffc0a32a000 	C:\Windows\SYSTEM32\WINHTTP.dll
0x00007ffc11980000 - 0x00007ffc119ea000 	C:\Windows\system32\mswsock.dll
0x00007ffbf46f0000 - 0x00007ffbf4705000 	E:\Programing soft\sts-4.15.1.RELEASE\plugins\org.eclipse.justj.openjdk.hotspot.jre.full.win32.x86_64_17.0.3.v20220515-1416\jre\bin\nio.dll
0x00007ffc054e0000 - 0x00007ffc054f0000 	E:\Programing soft\sts-4.15.1.RELEASE\plugins\org.eclipse.justj.openjdk.hotspot.jre.full.win32.x86_64_17.0.3.v20220515-1416\jre\bin\verify.dll
0x00007ffc032b0000 - 0x00007ffc032b9000 	E:\Programing soft\sts-4.15.1.RELEASE\plugins\org.eclipse.justj.openjdk.hotspot.jre.full.win32.x86_64_17.0.3.v20220515-1416\jre\bin\management.dll
0x00007ffc026b0000 - 0x00007ffc026bb000 	E:\Programing soft\sts-4.15.1.RELEASE\plugins\org.eclipse.justj.openjdk.hotspot.jre.full.win32.x86_64_17.0.3.v20220515-1416\jre\bin\management_ext.dll
0x00007ffc08f40000 - 0x00007ffc08f57000 	C:\Windows\system32\napinsp.dll
0x00007ffc08f20000 - 0x00007ffc08f3b000 	C:\Windows\system32\pnrpnsp.dll
0x00007ffbf5460000 - 0x00007ffbf5475000 	C:\Windows\system32\wshbth.dll
0x00007ffc0df60000 - 0x00007ffc0df7d000 	C:\Windows\system32\NLAapi.dll
0x00007ffc11620000 - 0x00007ffc1165b000 	C:\Windows\SYSTEM32\IPHLPAPI.DLL
0x00007ffc11660000 - 0x00007ffc1172b000 	C:\Windows\SYSTEM32\DNSAPI.dll
0x00007ffc13720000 - 0x00007ffc13728000 	C:\Windows\System32\NSI.dll
0x00007ffc08e80000 - 0x00007ffc08e92000 	C:\Windows\System32\winrnr.dll
0x00007ffc0a180000 - 0x00007ffc0a18a000 	C:\Windows\System32\rasadhlp.dll
0x00007ffc0a0a0000 - 0x00007ffc0a120000 	C:\Windows\System32\fwpuclnt.dll
0x00007ffc12970000 - 0x00007ffc12997000 	C:\Windows\System32\bcrypt.dll
0x00007ffc11b70000 - 0x00007ffc11b88000 	C:\Windows\SYSTEM32\CRYPTSP.dll
0x00007ffc11290000 - 0x00007ffc112c4000 	C:\Windows\system32\rsaenh.dll
0x00007ffc12080000 - 0x00007ffc120ae000 	C:\Windows\SYSTEM32\USERENV.dll
0x00007ffc11b90000 - 0x00007ffc11b9c000 	C:\Windows\SYSTEM32\CRYPTBASE.dll
0x00007ffc0b7e0000 - 0x00007ffc0b7f7000 	C:\Windows\SYSTEM32\dhcpcsvc6.DLL
0x00007ffc0b7c0000 - 0x00007ffc0b7dd000 	C:\Windows\SYSTEM32\dhcpcsvc.DLL
0x00007ffc052c0000 - 0x00007ffc052ce000 	E:\Programing soft\sts-4.15.1.RELEASE\plugins\org.eclipse.justj.openjdk.hotspot.jre.full.win32.x86_64_17.0.3.v20220515-1416\jre\bin\sunmscapi.dll
0x00007ffc129a0000 - 0x00007ffc12af6000 	C:\Windows\System32\CRYPT32.dll
0x00007ffc11c90000 - 0x00007ffc11cb7000 	C:\Windows\SYSTEM32\ncrypt.dll
0x00007ffc11c50000 - 0x00007ffc11c8b000 	C:\Windows\SYSTEM32\NTASN1.dll
0x00007ffc0e0a0000 - 0x00007ffc0e0a7000 	C:\Windows\system32\wshunix.dll

dbghelp: loaded successfully - version: 4.0.5 - missing functions: none
symbol engine: initialized successfully - sym options: 0x614 - pdb path: .;E:\Programing soft\sts-4.15.1.RELEASE\plugins\org.eclipse.justj.openjdk.hotspot.jre.full.win32.x86_64_17.0.3.v20220515-1416\jre\bin;C:\Windows\SYSTEM32;C:\Windows\WinSxS\amd64_microsoft.windows.common-controls_6595b64144ccf1df_6.0.19041.1110_none_60b5254171f9507e;E:\Programing soft\sts-4.15.1.RELEASE\plugins\org.eclipse.justj.openjdk.hotspot.jre.full.win32.x86_64_17.0.3.v20220515-1416\jre\bin\server

VM Arguments:
jvm_args: -Dfile.encoding=UTF-8 -XX:+ShowCodeDetailsInExceptionMessages 
java_command: com.bvrsoftware.OnlineGrievanceManagementSystemApplication
java_class_path (initial): C:\Users\ssp94\spring-boot-project\ONLINE-GRIEVANCE-MANAGEMENT-SYSTEM\target\classes;C:\Users\ssp94\.m2\repository\org\springframework\boot\spring-boot-starter-data-jpa\2.6.9\spring-boot-starter-data-jpa-2.6.9.jar;C:\Users\ssp94\.m2\repository\org\springframework\boot\spring-boot-starter-aop\2.6.9\spring-boot-starter-aop-2.6.9.jar;C:\Users\ssp94\.m2\repository\org\aspectj\aspectjweaver\1.9.7\aspectjweaver-1.9.7.jar;C:\Users\ssp94\.m2\repository\org\springframework\boot\spring-boot-starter-jdbc\2.6.9\spring-boot-starter-jdbc-2.6.9.jar;C:\Users\ssp94\.m2\repository\com\zaxxer\HikariCP\4.0.3\HikariCP-4.0.3.jar;C:\Users\ssp94\.m2\repository\org\springframework\spring-jdbc\5.3.21\spring-jdbc-5.3.21.jar;C:\Users\ssp94\.m2\repository\jakarta\transaction\jakarta.transaction-api\1.3.3\jakarta.transaction-api-1.3.3.jar;C:\Users\ssp94\.m2\repository\jakarta\persistence\jakarta.persistence-api\2.2.3\jakarta.persistence-api-2.2.3.jar;C:\Users\ssp94\.m2\repository\org\hibernate\hibernate-core\5.6.9.Final\hibernate-core-5.6.9.Final.jar;C:\Users\ssp94\.m2\repository\org\jboss\logging\jboss-logging\3.4.3.Final\jboss-logging-3.4.3.Final.jar;C:\Users\ssp94\.m2\repository\net\bytebuddy\byte-buddy\1.11.22\byte-buddy-1.11.22.jar;C:\Users\ssp94\.m2\repository\antlr\antlr\2.7.7\antlr-2.7.7.jar;C:\Users\ssp94\.m2\repository\org\jboss\jandex\2.4.2.Final\jandex-2.4.2.Final.jar;C:\Users\ssp94\.m2\repository\org\hibernate\common\hibernate-commons-annotations\5.1.2.Final\hibernate-commons-annotations-5.1.2.Final.jar;C:\Users\ssp94\.m2\repository\org\glassfish\jaxb\jaxb-runtime\2.3.6\jaxb-runtime-2.3.6.jar;C:\Users\ssp94\.m2\repository\org\glassfish\jaxb\txw2\2.3.6\txw2-2.3.6.jar;C:\Users\ssp94\.m2\repository\com\sun\istack\istack-commons-runtime\3.0.12\istack-commons-runtime-3.0.12.jar;C:\Users\ssp94\.m2\repository\com\sun\activation\jakarta.activation\1.2.2\jakarta.activation-1.2.2.jar;C:\Users\ssp94\.m2\repository\org\springframework\data\spring-data-jpa\2.6.5\spri
Launcher Type: SUN_STANDARD

[Global flags]
     intx CICompilerCount                          = 4                                         {product} {ergonomic}
     uint ConcGCThreads                            = 2                                         {product} {ergonomic}
     uint G1ConcRefinementThreads                  = 8                                         {product} {ergonomic}
   size_t G1HeapRegionSize                         = 1048576                                   {product} {ergonomic}
    uintx GCDrainStackTargetSize                   = 64                                        {product} {ergonomic}
   size_t InitialHeapSize                          = 132120576                                 {product} {ergonomic}
   size_t MarkStackSize                            = 4194304                                   {product} {ergonomic}
   size_t MaxHeapSize                              = 2113929216                                {product} {ergonomic}
   size_t MaxNewSize                               = 1267728384                                {product} {ergonomic}
   size_t MinHeapDeltaBytes                        = 1048576                                   {product} {ergonomic}
   size_t MinHeapSize                              = 8388608                                   {product} {ergonomic}
    uintx NonNMethodCodeHeapSize                   = 5839372                                {pd product} {ergonomic}
    uintx NonProfiledCodeHeapSize                  = 122909434                              {pd product} {ergonomic}
    uintx ProfiledCodeHeapSize                     = 122909434                              {pd product} {ergonomic}
    uintx ReservedCodeCacheSize                    = 251658240                              {pd product} {ergonomic}
     bool SegmentedCodeCache                       = true                                      {product} {ergonomic}
     bool ShowCodeDetailsInExceptionMessages       = true                                   {manageable} {command line}
   size_t SoftMaxHeapSize                          = 2113929216                             {manageable} {ergonomic}
     bool UseCompressedClassPointers               = true                           {product lp64_product} {ergonomic}
     bool UseCompressedOops                        = true                           {product lp64_product} {ergonomic}
     bool UseG1GC                                  = true                                      {product} {ergonomic}
     bool UseLargePagesIndividualAllocation        = false                                  {pd product} {ergonomic}

Logging:
Log output configuration:
 #0: stdout all=warning uptime,level,tags
 #1: stderr all=off uptime,level,tags

Environment Variables:
PATH=E:/Programing soft/sts-4.15.1.RELEASE//plugins/org.eclipse.justj.openjdk.hotspot.jre.full.win32.x86_64_17.0.3.v20220515-1416/jre/bin/server;E:/Programing soft/sts-4.15.1.RELEASE//plugins/org.eclipse.justj.openjdk.hotspot.jre.full.win32.x86_64_17.0.3.v20220515-1416/jre/bin;C:\Program Files\Common Files\Oracle\Java\javapath;C:\Windows\system32;C:\Windows;C:\Windows\System32\Wbem;C:\Windows\System32\WindowsPowerShell\v1.0\;C:\Windows\System32\OpenSSH\;C:\Program Files\nodejs\;C:\Program Files\Git\cmd;C:\Users\ssp94\AppData\Local\Microsoft\WindowsApps;C:\Users\ssp94\AppData\Roaming\npm;C:\Users\ssp94\AppData\Local\Programs\Microsoft VS Code\bin;C:\Program Files\Java\jdk-17.0.3.1\bin;;E:\Programing soft\sts-4.15.1.RELEASE;
USERNAME=ssp94
OS=Windows_NT
PROCESSOR_IDENTIFIER=Intel64 Family 6 Model 142 Stepping 10, GenuineIntel



---------------  S Y S T E M  ---------------

OS:
 Windows 10 , 64 bit Build 19041 (10.0.19041.1706)
OS uptime: 13 days 15:44 hours

CPU: total 8 (initial active 8) (4 cores per cpu, 2 threads per core) family 6 model 142 stepping 10 microcode 0xb4, cx8, cmov, fxsr, ht, mmx, 3dnowpref, sse, sse2, sse3, ssse3, sse4.1, sse4.2, popcnt, lzcnt, tsc, tscinvbit, avx, avx2, aes, erms, clmul, bmi1, bmi2, adx, fma, vzeroupper, clflush, clflushopt

Memory: 4k page, system-wide physical 8058M (324M free)
TotalPageFile size 32634M (AvailPageFile size 6M)
current process WorkingSet (physical memory assigned to process): 204M, peak: 331M
current process commit charge ("private bytes"): 445M, peak: 459M

vm_info: OpenJDK 64-Bit Server VM (17.0.3+7) for windows-amd64 JRE (17.0.3+7), built on Apr 19 2022 16:55:35 by "" with MS VC++ 16.7 (VS2019)

END.
